<?xml version="1.0" encoding="UTF-8"?>
<!-- Generated by org.testng.reporters.JUnitReportReporter -->
<testsuite hostname="MICROSOFT-PC" name="TestEmployeeDetails" tests="6" failures="0" timestamp="16 Jul 2016 17:50:44 GMT" time="0.002" errors="0">
  <testcase name="testCalculateYearlySalary" time="0.000" classname="TestEmployeeDetails"/>
  <testcase name="testIsValidEmployee" time="0.000" classname="TestEmployeeDetails"/>
  <testcase name="testCalculateAppriasal" time="0.001" classname="TestEmployeeDetails"/>
  <testcase name="testCalculateOneHourCost" time="0.001" classname="TestEmployeeDetails"/>
  <testcase name="throwsNullPointerException" time="0.000" classname="TestEmployeeDetails"/>
  <testcase name="testCalculateSalary" time="0.000" classname="TestEmployeeDetails"/>
</testsuite> <!-- TestEmployeeDetails -->
