<?xml version="1.0" encoding="UTF-8"?>
<!-- Generated by org.testng.reporters.JUnitReportReporter -->
<testsuite hostname="MICROSOFT-PC" name="CalcTest" tests="2" failures="0" timestamp="14 Jul 2016 13:20:53 GMT" time="0.008" errors="0">
  <testcase name="testSum" time="0.005" classname="CalcTest"/>
  <testcase name="testNullPointerException" time="0.003" classname="CalcTest"/>
</testsuite> <!-- CalcTest -->
