<?xml version="1.0" encoding="UTF-8"?>
<!-- Generated by org.testng.reporters.JUnitReportReporter -->
<testsuite hostname="MICROSOFT-PC" name="ParamTest" tests="3" failures="0" timestamp="16 Jul 2016 17:50:44 GMT" time="0.037" errors="0">
  <testcase name="testCheckExpireDateId" time="0.000" classname="ParamTest"/>
  <testcase name="testCheckExpireDateId" time="0.002" classname="ParamTest"/>
  <testcase name="testCheckExpireDateId" time="0.035" classname="ParamTest"/>
</testsuite> <!-- ParamTest -->
