<?xml version="1.0" encoding="UTF-8"?>
<!-- Generated by org.testng.reporters.JUnitReportReporter -->
<testsuite hostname="MICROSOFT-PC" name="TestEmployeeDetails1" tests="5" failures="0" timestamp="19 Jul 2016 20:14:51 GMT" time="0.020" errors="0">
  <testcase name="testCalculateAppriasal" time="0.014" classname="TestEmployeeDetails1"/>
  <testcase name="testIsValidEmployee" time="0.001" classname="TestEmployeeDetails1"/>
  <testcase name="testCalculateSalary" time="0.001" classname="TestEmployeeDetails1"/>
  <testcase name="testCalculateYearlySalary" time="0.003" classname="TestEmployeeDetails1"/>
  <testcase name="testCalculateOneHourCost" time="0.001" classname="TestEmployeeDetails1"/>
</testsuite> <!-- TestEmployeeDetails1 -->
