<?xml version="1.0" encoding="UTF-8"?>
<!-- Generated by org.testng.reporters.JUnitReportReporter -->
<testsuite hostname="MICROSOFT-PC" name="TestEmployeeDetails2" tests="6" failures="1" timestamp="19 Jul 2016 20:14:51 GMT" time="1.022" errors="0">
  <testcase name="timeTestTwo" time="0.406" classname="TestEmployeeDetails2"/>
  <testcase name="testCalculateTaxAmount" time="0.001" classname="TestEmployeeDetails2"/>
  <testcase name="timeTestOne" time="0.502" classname="TestEmployeeDetails2">
    <failure type="org.testng.internal.thread.ThreadTimeoutException" message="Method org.testng.internal.TestNGMethod.timeTestOne() didn&#039;t finish within the time-out 500">
      <![CDATA[org.testng.internal.thread.ThreadTimeoutException: Method org.testng.internal.TestNGMethod.timeTestOne() didn't finish within the time-out 500
	at java.lang.Throwable.fillInStackTrace(Native Method)
	at java.lang.Throwable.fillInStackTrace(Throwable.java:783)
	at java.lang.Throwable.<init>(Throwable.java:265)
	at java.lang.Exception.<init>(Exception.java:66)
	at java.lang.InterruptedException.<init>(InterruptedException.java:67)
	at java.lang.Thread.sleep(Native Method)
	at TestEmployeeDetails2.timeTestOne(TestEmployeeDetails2.java:66)
	at sun.reflect.NativeMethodAccessorImpl.invoke0(Native Method)
	at sun.reflect.NativeMethodAccessorImpl.invoke(NativeMethodAccessorImpl.java:62)
	at sun.reflect.DelegatingMethodAccessorImpl.invoke(DelegatingMethodAccessorImpl.java:43)
	at java.lang.reflect.Method.invoke(Method.java:497)
	at org.testng.internal.MethodInvocationHelper.invokeMethod(MethodInvocationHelper.java:80)
	at org.testng.internal.InvokeMethodRunnable.runOne(InvokeMethodRunnable.java:46)
	at org.testng.internal.InvokeMethodRunnable.run(InvokeMethodRunnable.java:37)
	at java.util.concurrent.Executors$RunnableAdapter.call(Executors.java:511)
	at java.util.concurrent.FutureTask.run(FutureTask.java:266)
	at java.util.concurrent.ThreadPoolExecutor.runWorker(ThreadPoolExecutor.java:1142)
	at java.util.concurrent.ThreadPoolExecutor$Worker.run(ThreadPoolExecutor.java:617)
	at java.lang.Thread.run(Thread.java:745)
]]>
    </failure>
  </testcase> <!-- timeTestOne -->
  <testcase name="testCalculateSalaryOnVacation" time="0.008" classname="TestEmployeeDetails2"/>
  <testcase name="testCalculateVacation" time="0.093" classname="TestEmployeeDetails2"/>
  <testcase name="testCalculateDailySalary" time="0.012" classname="TestEmployeeDetails2"/>
</testsuite> <!-- TestEmployeeDetails2 -->
